<?xml version="1.0" encoding="UTF-8"?>
<!-- Generated by org.testng.reporters.JUnitReportReporter -->
<testsuite hostname="DESKTOP-8DVJEM1" failures="0" tests="1" name="TestNG.Testngbasics" time="0.035" errors="0" timestamp="2024-07-23T13:14:26 IST" skipped="0">
  <testcase classname="TestNG.Testngbasics" name="testtitle" time="0.035"/>
  <system-out/>
</testsuite> <!-- TestNG.Testngbasics -->
